<?xml version="1.0" encoding="UTF-8"?>
<testsuite xmlns:xsi="http://www.w3.org/2001/XMLSchema-instance" xsi:noNamespaceSchemaLocation="https://maven.apache.org/surefire/maven-surefire-plugin/xsd/surefire-test-report.xsd" version="3.0.2" name="tests.LoginTests" time="12.372" tests="3" errors="0" skipped="0" failures="0">
  <properties>
[...]
</properties>
  <testcase name="testUC3_ValidCredentials" classname="tests.LoginTests" time="12.277">
    <system-err><![CDATA[[pool-3-thread-2] INFO io.github.bonigarcia.wdm.WebDriverManager - Using chromedriver 139.0.7258.138 (resolved driver for Chrome 139)
[pool-3-thread-2] INFO io.github.bonigarcia.wdm.WebDriverManager - Exporting webdriver.chrome.driver as C:\Users\LucrecioVazquez\.cache\selenium\chromedriver\win64\139.0.7258.138\chromedriver.exe
Aug 26, 2025 11:41:35 AM org.openqa.selenium.devtools.CdpVersionFinder findNearestMatch
WARNING: Unable to find CDP implementation matching 139
Aug 26, 2025 11:41:35 AM org.openqa.selenium.chromium.ChromiumDriver lambda$new$5
WARNING: Unable to find version of CDP to use for 139.0.7258.139. You may need to include a dependency on a specific version of the CDP using something similar to `org.seleniumhq.selenium:selenium-devtools-v86:4.25.0` where the version ("v86") matches the version of the chromium-based browser you're using and the version number of the artifact is the same as Selenium's.
[pool-3-thread-2] INFO utils.LoggerDecorator - Navigating to: https://www.saucedemo.com/
[pool-3-thread-2] INFO utils.LoggerDecorator - Page title is: Swag Labs
]]></system-err>
  </testcase>
  <testcase name="testUC2_MissingPassword" classname="tests.LoginTests" time="11.976">
    <system-err><![CDATA[[pool-3-thread-1] INFO io.github.bonigarcia.wdm.WebDriverManager - Using chromedriver 139.0.7258.138 (resolved driver for Chrome 139)
[pool-3-thread-1] INFO io.github.bonigarcia.wdm.WebDriverManager - Exporting webdriver.chrome.driver as C:\Users\LucrecioVazquez\.cache\selenium\chromedriver\win64\139.0.7258.138\chromedriver.exe
Aug 26, 2025 11:41:35 AM org.openqa.selenium.devtools.CdpVersionFinder findNearestMatch
WARNING: Unable to find CDP implementation matching 139
Aug 26, 2025 11:41:35 AM org.openqa.selenium.chromium.ChromiumDriver lambda$new$5
WARNING: Unable to find version of CDP to use for 139.0.7258.139. You may need to include a dependency on a specific version of the CDP using something similar to `org.seleniumhq.selenium:selenium-devtools-v86:4.25.0` where the version ("v86") matches the version of the chromium-based browser you're using and the version number of the artifact is the same as Selenium's.
[pool-3-thread-1] INFO utils.LoggerDecorator - Navigating to: https://www.saucedemo.com/
]]></system-err>
  </testcase>
  <testcase name="testUC1_EmptyCredentials" classname="tests.LoginTests" time="12.371">
    <system-err><![CDATA[[pool-3-thread-3] INFO io.github.bonigarcia.wdm.WebDriverManager - Using chromedriver 139.0.7258.138 (resolved driver for Chrome 139)
[pool-3-thread-3] INFO io.github.bonigarcia.wdm.WebDriverManager - Exporting webdriver.chrome.driver as C:\Users\LucrecioVazquez\.cache\selenium\chromedriver\win64\139.0.7258.138\chromedriver.exe
Aug 26, 2025 11:41:35 AM org.openqa.selenium.devtools.CdpVersionFinder findNearestMatch
WARNING: Unable to find CDP implementation matching 139
Aug 26, 2025 11:41:35 AM org.openqa.selenium.chromium.ChromiumDriver lambda$new$5
WARNING: Unable to find version of CDP to use for 139.0.7258.139. You may need to include a dependency on a specific version of the CDP using something similar to `org.seleniumhq.selenium:selenium-devtools-v86:4.25.0` where the version ("v86") matches the version of the chromium-based browser you're using and the version number of the artifact is the same as Selenium's.
[pool-3-thread-3] INFO utils.LoggerDecorator - Navigating to: https://www.saucedemo.com/
]]></system-err>
  </testcase>
</testsuite>